#
# There is insufficient memory for the Java Runtime Environment to continue.
# Native memory allocation (mmap) failed to map 132120576 bytes for Failed to commit area from 0x0000000082000000 to 0x0000000089e00000 of length 132120576.
# Possible reasons:
#   The system is out of physical RAM or swap space
#   The process is running with CompressedOops enabled, and the Java Heap may be blocking the growth of the native heap
# Possible solutions:
#   Reduce memory load on the system
#   Increase physical memory or swap space
#   Check if swap backing store is full
#   Decrease Java heap size (-Xmx/-Xms)
#   Decrease number of Java threads
#   Decrease Java thread stack sizes (-Xss)
#   Set larger code cache with -XX:ReservedCodeCacheSize=
#   JVM is running with Unscaled Compressed Oops mode in which the Java heap is
#     placed in the first 4GB address space. The Java Heap base address is the
#     maximum limit for the native heap growth. Please use -XX:HeapBaseMinAddress
#     to set the Java Heap base and to place the Java Heap above 4GB virtual address.
# This output file may be truncated or incomplete.
#
#  Out of Memory Error (./open/src/hotspot/os/windows/os_windows.cpp:3315), pid=29976, tid=32744
#
# JRE version:  (14.0.2+12) (build )
# Java VM: Java HotSpot(TM) 64-Bit Server VM (14.0.2+12-46, mixed mode, sharing, tiered, compressed oops, g1 gc, windows-amd64)
# No core dump will be written. Minidumps are not enabled by default on client versions of Windows
#

---------------  S U M M A R Y ------------

Command Line: -Dfile.encoding=GBK --module-path=E:\qq下载文件\1752116947\FileRecv文件\JAVA\mysql-connector-java-8.0.20.jar Login

Host: Intel(R) Core(TM) i5-7300HQ CPU @ 2.50GHz, 4 cores, 7G,  Windows 10 , 64 bit Build 18362 (10.0.18362.1110)
Time: Sun Jan  3 15:17:23 2021 ?D1ú±ê×?ê±?? elapsed time: 0 seconds (0d 0h 0m 0s)

---------------  T H R E A D  ---------------

Current thread (0x0000020d97dae000):  JavaThread "Unknown thread" [_thread_in_vm, id=32744, stack(0x0000006c51800000,0x0000006c51900000)]

Stack: [0x0000006c51800000,0x0000006c51900000]
Native frames: (J=compiled Java code, j=interpreted, Vv=VM code, C=native code)
V  [jvm.dll+0x5f8a9a]
V  [jvm.dll+0x74247a]
V  [jvm.dll+0x743c2f]
V  [jvm.dll+0x744273]
V  [jvm.dll+0x20d288]
V  [jvm.dll+0x5f5dea]
V  [jvm.dll+0x5eac45]
V  [jvm.dll+0x2c7e9c]
V  [jvm.dll+0x2c7cd2]
V  [jvm.dll+0x2cdbbc]
V  [jvm.dll+0x313fe8]
V  [jvm.dll+0x313710]
V  [jvm.dll+0x2a092a]
V  [jvm.dll+0x2a1a79]
V  [jvm.dll+0x71fd48]
V  [jvm.dll+0x321c14]
V  [jvm.dll+0x70112c]
V  [jvm.dll+0x392def]
V  [jvm.dll+0x394e61]
C  [jli.dll+0x524b]
C  [ucrtbase.dll+0x210b2]
C  [KERNEL32.DLL+0x17c24]
C  [ntdll.dll+0x6d4d1]


---------------  P R O C E S S  ---------------

Threads class SMR info:
_java_thread_list=0x00007fff85253038, length=0, elements={
}

Java Threads: ( => current thread )

Other Threads:
  0x0000020d97df1000 GCTaskThread "GC Thread#0" [stack: 0x0000006c51900000,0x0000006c51a00000] [id=34224]
  0x0000020d97e03000 ConcurrentGCThread "G1 Main Marker" [stack: 0x0000006c51a00000,0x0000006c51b00000] [id=32560]
  0x0000020d97e05000 ConcurrentGCThread "G1 Conc#0" [stack: 0x0000006c51b00000,0x0000006c51c00000] [id=32608]

[error occurred during error reporting (printing all threads), id 0xc0000005, EXCEPTION_ACCESS_VIOLATION (0xc0000005) at pc=0x00007fff84a81257]

VM state:not at safepoint (not fully initialized)

VM Mutex/Monitor currently owned by a thread:  ([mutex/lock_event])
[0x0000020d97da9150] Heap_lock - owner thread: 0x0000020d97dae000

Heap address: 0x0000000082000000, size: 2016 MB, Compressed Oops mode: 32-bit
Narrow klass base: 0x0000000000000000, Narrow klass shift: 0

GC Heap History (0 events):
No events

Deoptimization events (0 events):
No events

Classes unloaded (0 events):
No events

Classes redefined (0 events):
No events

Internal exceptions (0 events):
No events

Events (2 events):
Event: 0.010 Loaded shared library D:\java\bin\java.dll
Event: 0.011 Loaded shared library D:\java\bin\zip.dll


Dynamic libraries:
0x00007ff7a7690000 - 0x00007ff7a769f000 	D:\java\bin\javaw.exe
0x00007fffe3d20000 - 0x00007fffe3f10000 	C:\WINDOWS\SYSTEM32\ntdll.dll
0x00007fffe3a40000 - 0x00007fffe3af2000 	C:\WINDOWS\System32\KERNEL32.DLL
0x00007fffe1a70000 - 0x00007fffe1d15000 	C:\WINDOWS\System32\KERNELBASE.dll
0x00007fffe1800000 - 0x00007fffe18fa000 	C:\WINDOWS\System32\ucrtbase.dll
0x00007fffcf170000 - 0x00007fffcf188000 	D:\java\bin\jli.dll
0x00007fffcf260000 - 0x00007fffcf275000 	D:\java\bin\VCRUNTIME140.dll
0x00007fffe3020000 - 0x00007fffe30c3000 	C:\WINDOWS\System32\ADVAPI32.dll
0x00007fffe2a40000 - 0x00007fffe2ade000 	C:\WINDOWS\System32\msvcrt.dll
0x00007fffe36d0000 - 0x00007fffe3767000 	C:\WINDOWS\System32\sechost.dll
0x00007fffe3550000 - 0x00007fffe3670000 	C:\WINDOWS\System32\RPCRT4.dll
0x00007fffe1f40000 - 0x00007fffe20d4000 	C:\WINDOWS\System32\USER32.dll
0x00007fffe0c90000 - 0x00007fffe0cb1000 	C:\WINDOWS\System32\win32u.dll
0x00007fffe20e0000 - 0x00007fffe2106000 	C:\WINDOWS\System32\GDI32.dll
0x00007fffe0cc0000 - 0x00007fffe0e56000 	C:\WINDOWS\System32\gdi32full.dll
0x00007fffe0040000 - 0x00007fffe02c4000 	C:\WINDOWS\WinSxS\amd64_microsoft.windows.common-controls_6595b64144ccf1df_6.0.18362.1256_none_9e7e379be45e40e2\COMCTL32.dll
0x00007fffe0ef0000 - 0x00007fffe0f8e000 	C:\WINDOWS\System32\msvcp_win.dll
0x00007fffe2cc0000 - 0x00007fffe2ff6000 	C:\WINDOWS\System32\combase.dll
0x00007fffe0fe0000 - 0x00007fffe1061000 	C:\WINDOWS\System32\bcryptPrimitives.dll
0x00007fffd9f70000 - 0x00007fffd9f7a000 	C:\WINDOWS\SYSTEM32\VERSION.dll
0x00007fffe2250000 - 0x00007fffe227e000 	C:\WINDOWS\System32\IMM32.DLL
0x00007fffc61b0000 - 0x00007fffc624b000 	D:\java\bin\msvcp140.dll
0x00007fff847d0000 - 0x00007fff852ee000 	D:\java\bin\server\jvm.dll
0x00007fffe2c30000 - 0x00007fffe2c38000 	C:\WINDOWS\System32\PSAPI.DLL
0x00007fffc9830000 - 0x00007fffc9839000 	C:\WINDOWS\SYSTEM32\WSOCK32.dll
0x00007fffdde10000 - 0x00007fffdde34000 	C:\WINDOWS\SYSTEM32\WINMM.dll
0x00007fffe3920000 - 0x00007fffe398f000 	C:\WINDOWS\System32\WS2_32.dll
0x00007fffddde0000 - 0x00007fffdde0d000 	C:\WINDOWS\SYSTEM32\WINMMBASE.dll
0x00007fffe0f90000 - 0x00007fffe0fda000 	C:\WINDOWS\System32\cfgmgr32.dll
0x00007fffe0bd0000 - 0x00007fffe0be1000 	C:\WINDOWS\System32\kernel.appcore.dll
0x00007fffcf6e0000 - 0x00007fffcf6ea000 	D:\java\bin\jimage.dll
0x00007fffe04e0000 - 0x00007fffe06d4000 	C:\WINDOWS\SYSTEM32\DBGHELP.DLL
0x00007fffe0430000 - 0x00007fffe045a000 	C:\WINDOWS\SYSTEM32\dbgcore.DLL
0x00007fffce630000 - 0x00007fffce655000 	D:\java\bin\java.dll
0x00007fffce610000 - 0x00007fffce626000 	D:\java\bin\zip.dll

dbghelp: loaded successfully - version: 4.0.5 - missing functions: none
symbol engine: initialized successfully - sym options: 0x614 - pdb path: .;D:\java\bin;C:\WINDOWS\SYSTEM32;C:\WINDOWS\WinSxS\amd64_microsoft.windows.common-controls_6595b64144ccf1df_6.0.18362.1256_none_9e7e379be45e40e2;D:\java\bin\server

VM Arguments:
jvm_args: -Dfile.encoding=GBK --module-path=E:\qq下载文件\1752116947\FileRecv文件\JAVA\mysql-connector-java-8.0.20.jar 
java_command: Login
java_class_path (initial): D:\Eclipse\TutorSet\bin
Launcher Type: SUN_STANDARD

[Global flags]
     intx CICompilerCount                          = 3                                         {product} {ergonomic}
     uint ConcGCThreads                            = 1                                         {product} {ergonomic}
     uint G1ConcRefinementThreads                  = 4                                         {product} {ergonomic}
   size_t G1HeapRegionSize                         = 1048576                                   {product} {ergonomic}
    uintx GCDrainStackTargetSize                   = 64                                        {product} {ergonomic}
   size_t InitialHeapSize                          = 132120576                                 {product} {ergonomic}
   size_t MarkStackSize                            = 4194304                                   {product} {ergonomic}
   size_t MaxHeapSize                              = 2113929216                                {product} {ergonomic}
   size_t MinHeapDeltaBytes                        = 1048576                                   {product} {ergonomic}
   size_t MinHeapSize                              = 8388608                                   {product} {ergonomic}
    uintx NonNMethodCodeHeapSize                   = 5832780                                {pd product} {ergonomic}
    uintx NonProfiledCodeHeapSize                  = 122912730                              {pd product} {ergonomic}
    uintx ProfiledCodeHeapSize                     = 122912730                              {pd product} {ergonomic}
    uintx ReservedCodeCacheSize                    = 251658240                              {pd product} {ergonomic}
     bool SegmentedCodeCache                       = true                                      {product} {ergonomic}
   size_t SoftMaxHeapSize                          = 2113929216                             {manageable} {ergonomic}
     bool UseCompressedClassPointers               = true                                 {lp64_product} {ergonomic}
     bool UseCompressedOops                        = true                                 {lp64_product} {ergonomic}
     bool UseG1GC                                  = true                                      {product} {ergonomic}
     bool UseLargePagesIndividualAllocation        = false                                  {pd product} {ergonomic}

Logging:
Log output configuration:
 #0: stdout all=warning uptime,level,tags
 #1: stderr all=off uptime,level,tags

Environment Variables:
JAVA_HOME=D:\java
CLASSPATH=.;C:\Program Files (x86)\QuickTime\QTSystem\QTJava.zip;"D:\java\lib;D:\java\lib\dt.jar;D:\java\tools.jar";
PATH=D:/java/bin/server;D:/java/bin;D:\java\bin;C:\Program Files\Python37\;C:\Windows\system32;C:\Windows;C:\Windows\System32\Wbem;C:\Windows\System32\WindowsPowerShell\v1.0\;C:\Program Files (x86)\NVIDIA Corporation\PhysX\Common;C:\WINDOWS\system32;C:\WINDOWS;C:\WINDOWS\System32\Wbem;C:\WINDOWS\System32\WindowsPowerShell\v1.0\;C:\WINDOWS\System32\OpenSSH\;C:\Program Files (x86)\QuickTime\QTSystem\;C:\Program Files\Intel\WiFi\bin\;C:\Program Files\Common Files\Intel\WirelessCommon\;C:\Program Files (x86)\Intel\Intel(R) Management Engine Components\DAL;C:\Program Files\Intel\Intel(R) Management Engine Components\DAL;E:\Program Files (x86)\Microsoft SQL Server\100\Tools\Binn\;E:\Program Files\Microsoft SQL Server\100\Tools\Binn\;E:\Program Files\Microsoft SQL Server\100\DTS\Binn\;E:\Program Files (x86)\Microsoft SQL Server\100\Tools\Binn\VSShell\Common7\IDE\;E:\Program Files (x86)\Microsoft SQL Server\100\DTS\Binn\;C:\Program Files (x86)\Microsoft Visual Studio 9.0\Common7\IDE\PrivateAssemblies\;C:\xampp\php;D:\Program Files\nodejs\node_global;C:\Program Files\nodejs\node_modules;D:\Program Files\nodejs\node_global\node_modules;E:\phpstudy_pro\Extensions\php\php7.3.4nts;C:\ProgramData\ComposerSetup\bin;D:\java\bin;C:\Program Files\dotnet\;C:\Program Files\Microsoft SQL Server\130\Tools\Binn\;C:\Program Files\Microsoft SQL Server\Client SDK\ODBC\170\Tools\Binn\;C:\Users\dell\AppData\Local\Microsoft\WindowsApps;;C:\Users\dell\AppData\Local\Programs\Microsoft VS Code\bin;D:\Microsoft VS Code\bin;D:\教学用下载文件\PyCharm 2019.2.1\bin;;E:\PhpStorm 2019.2.1\bin;;C:\Users\dell\AppData\Roaming\Composer\vendor\bin;C:\Users\dell\AppData\Roaming\npm;C:\Users\dell\.dotnet\tools;D:\eclipse202006;
USERNAME=dell
OS=Windows_NT
PROCESSOR_IDENTIFIER=Intel64 Family 6 Model 158 Stepping 9, GenuineIntel



---------------  S Y S T E M  ---------------

OS: Windows 10 , 64 bit Build 18362 (10.0.18362.1110)
OS uptime: 1 days 15:25 hours

CPU:total 4 (initial active 4) (4 cores per cpu, 1 threads per core) family 6 model 158 stepping 9, cmov, cx8, fxsr, mmx, sse, sse2, sse3, ssse3, sse4.1, sse4.2, popcnt, avx, avx2, aes, clmul, erms, 3dnowpref, lzcnt, tsc, tscinvbit, bmi1, bmi2, adx, fma

Memory: 4k page, system-wide physical 8057M (624M free)
TotalPageFile size 32633M (AvailPageFile size 41M)
current process WorkingSet (physical memory assigned to process): 10M, peak: 10M
current process commit charge ("private bytes"): 52M, peak: 177M

vm_info: Java HotSpot(TM) 64-Bit Server VM (14.0.2+12-46) for windows-amd64 JRE (14.0.2+12-46), built on Jul  9 2020 00:35:52 by "mach5one" with MS VC++ 15.9 (VS2017)

END.
