#
# There is insufficient memory for the Java Runtime Environment to continue.
# Native memory allocation (malloc) failed to allocate 32744 bytes for ChunkPool::allocate
# Possible reasons:
#   The system is out of physical RAM or swap space
#   The process is running with CompressedOops enabled, and the Java Heap may be blocking the growth of the native heap
# Possible solutions:
#   Reduce memory load on the system
#   Increase physical memory or swap space
#   Check if swap backing store is full
#   Decrease Java heap size (-Xmx/-Xms)
#   Decrease number of Java threads
#   Decrease Java thread stack sizes (-Xss)
#   Set larger code cache with -XX:ReservedCodeCacheSize=
#   JVM is running with Unscaled Compressed Oops mode in which the Java heap is
#     placed in the first 4GB address space. The Java Heap base address is the
#     maximum limit for the native heap growth. Please use -XX:HeapBaseMinAddress
#     to set the Java Heap base and to place the Java Heap above 4GB virtual address.
# This output file may be truncated or incomplete.
#
#  Out of Memory Error (./open/src/hotspot/share/memory/arena.cpp:79), pid=29372, tid=23872
#
# JRE version: Java(TM) SE Runtime Environment (14.0.2+12) (build 14.0.2+12-46)
# Java VM: Java HotSpot(TM) 64-Bit Server VM (14.0.2+12-46, mixed mode, sharing, tiered, compressed oops, g1 gc, windows-amd64)
# No core dump will be written. Minidumps are not enabled by default on client versions of Windows
#

---------------  S U M M A R Y ------------

Command Line: -Dfile.encoding=GBK --module-path=E:\qq下载文件\1752116947\FileRecv文件\JAVA\mysql-connector-java-8.0.20.jar Login

Host: Intel(R) Core(TM) i5-7300HQ CPU @ 2.50GHz, 4 cores, 7G,  Windows 10 , 64 bit Build 18362 (10.0.18362.1110)
Time: Sun Jan  3 15:18:39 2021 ?D1ú±ê×?ê±?? elapsed time: 69681 seconds (0d 19h 21m 21s)

---------------  T H R E A D  ---------------

Current thread (0x000001b978e3a800):  JavaThread "C2 CompilerThread0" daemon [_thread_in_native, id=23872, stack(0x0000005500400000,0x0000005500500000)]


Current CompileTask:
C2:69681412 2204       4       java.net.URLStreamHandler::parseURL (1201 bytes)

Stack: [0x0000005500400000,0x0000005500500000]
Native frames: (J=compiled Java code, j=interpreted, Vv=VM code, C=native code)
V  [jvm.dll+0x5f8a9a]
V  [jvm.dll+0x74247a]
V  [jvm.dll+0x743c2f]
V  [jvm.dll+0x744273]
V  [jvm.dll+0x20d288]
V  [jvm.dll+0xabea6]
V  [jvm.dll+0xac1fc]
V  [jvm.dll+0x5d873f]
V  [jvm.dll+0x2f8d80]
V  [jvm.dll+0x605a9b]
V  [jvm.dll+0x60511f]
V  [jvm.dll+0x17a3dc]
V  [jvm.dll+0x275e76]
V  [jvm.dll+0x6101e8]
V  [jvm.dll+0x607f2f]
V  [jvm.dll+0x60759c]
V  [jvm.dll+0x60547d]
V  [jvm.dll+0x17a3dc]
V  [jvm.dll+0x275e76]
V  [jvm.dll+0x6101e8]
V  [jvm.dll+0x607f2f]
V  [jvm.dll+0x60759c]
V  [jvm.dll+0x60547d]
V  [jvm.dll+0x17a3dc]
V  [jvm.dll+0x1e4d55]
V  [jvm.dll+0x1779cc]
V  [jvm.dll+0x1f4105]
V  [jvm.dll+0x1f22eb]
V  [jvm.dll+0x7070cd]
V  [jvm.dll+0x6ffeda]
V  [jvm.dll+0x5f78f6]
C  [ucrtbase.dll+0x210b2]
C  [KERNEL32.DLL+0x17c24]
C  [ntdll.dll+0x6d4d1]


---------------  P R O C E S S  ---------------

Threads class SMR info:
_java_thread_list=0x000001b9101c6070, length=17, elements={
0x000001b978e0f000, 0x000001b978e11000, 0x000001b978e31000, 0x000001b978e35800,
0x000001b978e37000, 0x000001b978e3a800, 0x000001b978e48000, 0x000001b978e4b000,
0x000001b978df5000, 0x000001b979970800, 0x000001b9798e8800, 0x000001b9798e9800,
0x000001b979a1a000, 0x000001b979a73000, 0x000001b9696ae000, 0x000001b97a7be000,
0x000001b97a900800
}

Java Threads: ( => current thread )
  0x000001b978e0f000 JavaThread "Reference Handler" daemon [_thread_blocked, id=27108, stack(0x000000557ff00000,0x0000005580000000)]
  0x000001b978e11000 JavaThread "Finalizer" daemon [_thread_blocked, id=29128, stack(0x0000005500000000,0x0000005500100000)]
  0x000001b978e31000 JavaThread "Signal Dispatcher" daemon [_thread_blocked, id=21680, stack(0x0000005500100000,0x0000005500200000)]
  0x000001b978e35800 JavaThread "Attach Listener" daemon [_thread_blocked, id=19596, stack(0x0000005500200000,0x0000005500300000)]
  0x000001b978e37000 JavaThread "Service Thread" daemon [_thread_blocked, id=28044, stack(0x0000005500300000,0x0000005500400000)]
=>0x000001b978e3a800 JavaThread "C2 CompilerThread0" daemon [_thread_in_native, id=23872, stack(0x0000005500400000,0x0000005500500000)]
  0x000001b978e48000 JavaThread "C1 CompilerThread0" daemon [_thread_blocked, id=15188, stack(0x0000005500500000,0x0000005500600000)]
  0x000001b978e4b000 JavaThread "Sweeper thread" daemon [_thread_blocked, id=376, stack(0x0000005500600000,0x0000005500700000)]
  0x000001b978df5000 JavaThread "Common-Cleaner" daemon [_thread_blocked, id=28832, stack(0x0000005500700000,0x0000005500800000)]
  0x000001b979970800 JavaThread "Notification Thread" daemon [_thread_blocked, id=29464, stack(0x0000005500900000,0x0000005500a00000)]
  0x000001b9798e8800 JavaThread "Java2D Disposer" daemon [_thread_blocked, id=27980, stack(0x0000005500b00000,0x0000005500c00000)]
  0x000001b9798e9800 JavaThread "AWT-Shutdown" [_thread_blocked, id=27964, stack(0x0000005500c00000,0x0000005500d00000)]
  0x000001b979a1a000 JavaThread "AWT-Windows" daemon [_thread_in_native, id=28060, stack(0x0000005500d00000,0x0000005500e00000)]
  0x000001b979a73000 JavaThread "AWT-EventQueue-0" [_thread_blocked, id=28288, stack(0x0000005500e00000,0x0000005500f00000)]
  0x000001b9696ae000 JavaThread "DestroyJavaVM" [_thread_blocked, id=18900, stack(0x000000557f800000,0x000000557f900000)]
  0x000001b97a7be000 JavaThread "TimerQueue" daemon [_thread_blocked, id=29112, stack(0x0000005500f00000,0x0000005501000000)]
  0x000001b97a900800 JavaThread "mysql-cj-abandoned-connection-cleanup" daemon [_thread_blocked, id=29284, stack(0x0000005500800000,0x0000005500900000)]

Other Threads:
  0x000001b978e0d000 VMThread "VM Thread" [stack: 0x000000557fe00000,0x000000557ff00000] [id=27292]
  0x000001b97985d800 WatcherThread [stack: 0x0000005500a00000,0x0000005500b00000] [id=27956]
  0x000001b9696f2000 GCTaskThread "GC Thread#0" [stack: 0x000000557f900000,0x000000557fa00000] [id=28344]
  0x000001b97abcb000 GCTaskThread "GC Thread#1" [stack: 0x0000005501400000,0x0000005501500000] [id=12984]
  0x000001b97aa40800 GCTaskThread "GC Thread#2" [stack: 0x0000005501800000,0x0000005501900000] [id=14724]
  0x000001b97a919000 GCTaskThread "GC Thread#3" [stack: 0x0000005501900000,0x0000005501a00000] [id=27768]
  0x000001b969704800 ConcurrentGCThread "G1 Main Marker" [stack: 0x000000557fa00000,0x000000557fb00000] [id=28972]
  0x000001b969707000 ConcurrentGCThread "G1 Conc#0" [stack: 0x000000557fb00000,0x000000557fc00000] [id=26640]
  0x000001b96977e000 ConcurrentGCThread "G1 Refine#0" [stack: 0x000000557fc00000,0x000000557fd00000] [id=28040]
  0x000001b979829000 ConcurrentGCThread "G1 Refine#1" [stack: 0x0000005501a00000,0x0000005501b00000] [id=28168]
  0x000001b978c80800 ConcurrentGCThread "G1 Young RemSet Sampling" [stack: 0x000000557fd00000,0x000000557fe00000] [id=29236]

Threads with active compile tasks:
C2 CompilerThread0  69681536 2204       4       java.net.URLStreamHandler::parseURL (1201 bytes)

VM state:not at safepoint (normal execution)

VM Mutex/Monitor currently owned by a thread: None

Heap address: 0x0000000082000000, size: 2016 MB, Compressed Oops mode: 32-bit
Narrow klass base: 0x0000000800000000, Narrow klass shift: 3
Compressed class space size: 1073741824 Address: 0x0000000800b30000

Heap:
 garbage-first heap   total 129024K, used 19972K [0x0000000082000000, 0x0000000100000000)
  region size 1024K, 14 young (14336K), 2 survivors (2048K)
 Metaspace       used 18240K, capacity 18632K, committed 18688K, reserved 1064960K
  class space    used 2084K, capacity 2259K, committed 2304K, reserved 1048576K
Heap Regions: E=young(eden), S=young(survivor), O=old, HS=humongous(starts), HC=humongous(continues), CS=collection set, F=free, OA=open archive, CA=closed archive, TAMS=top-at-mark-start (previous, next)
|   0|0x0000000082000000, 0x0000000082100000, 0x0000000082100000|100%| O|  |TAMS 0x0000000082000000, 0x0000000082000000| Untracked 
|   1|0x0000000082100000, 0x0000000082200000, 0x0000000082200000|100%|HS|  |TAMS 0x0000000082100000, 0x0000000082100000| Complete 
|   2|0x0000000082200000, 0x0000000082300000, 0x0000000082300000|100%| O|  |TAMS 0x0000000082200000, 0x0000000082200000| Untracked 
|   3|0x0000000082300000, 0x0000000082400000, 0x0000000082400000|100%| O|  |TAMS 0x0000000082300000, 0x0000000082300000| Untracked 
|   4|0x0000000082400000, 0x0000000082481200, 0x0000000082500000| 50%| O|  |TAMS 0x0000000082400000, 0x0000000082400000| Untracked 
|   5|0x0000000082500000, 0x0000000082600000, 0x0000000082600000|100%|HS|  |TAMS 0x0000000082500000, 0x0000000082500000| Complete 
|   6|0x0000000082600000, 0x0000000082700000, 0x0000000082700000|100%|HC|  |TAMS 0x0000000082600000, 0x0000000082600000| Complete 
|   7|0x0000000082700000, 0x0000000082700000, 0x0000000082800000|  0%| F|  |TAMS 0x0000000082700000, 0x0000000082700000| Untracked 
|   8|0x0000000082800000, 0x0000000082800000, 0x0000000082900000|  0%| F|  |TAMS 0x0000000082800000, 0x0000000082800000| Untracked 
|   9|0x0000000082900000, 0x0000000082900000, 0x0000000082a00000|  0%| F|  |TAMS 0x0000000082900000, 0x0000000082900000| Untracked 
|  10|0x0000000082a00000, 0x0000000082a00000, 0x0000000082b00000|  0%| F|  |TAMS 0x0000000082a00000, 0x0000000082a00000| Untracked 
|  11|0x0000000082b00000, 0x0000000082b00000, 0x0000000082c00000|  0%| F|  |TAMS 0x0000000082b00000, 0x0000000082b00000| Untracked 
|  12|0x0000000082c00000, 0x0000000082c00000, 0x0000000082d00000|  0%| F|  |TAMS 0x0000000082c00000, 0x0000000082c00000| Untracked 
|  13|0x0000000082d00000, 0x0000000082d00000, 0x0000000082e00000|  0%| F|  |TAMS 0x0000000082d00000, 0x0000000082d00000| Untracked 
|  14|0x0000000082e00000, 0x0000000082e00000, 0x0000000082f00000|  0%| F|  |TAMS 0x0000000082e00000, 0x0000000082e00000| Untracked 
|  15|0x0000000082f00000, 0x0000000082f00000, 0x0000000083000000|  0%| F|  |TAMS 0x0000000082f00000, 0x0000000082f00000| Untracked 
|  16|0x0000000083000000, 0x0000000083000000, 0x0000000083100000|  0%| F|  |TAMS 0x0000000083000000, 0x0000000083000000| Untracked 
|  17|0x0000000083100000, 0x0000000083100000, 0x0000000083200000|  0%| F|  |TAMS 0x0000000083100000, 0x0000000083100000| Untracked 
|  18|0x0000000083200000, 0x0000000083200000, 0x0000000083300000|  0%| F|  |TAMS 0x0000000083200000, 0x0000000083200000| Untracked 
|  19|0x0000000083300000, 0x0000000083300000, 0x0000000083400000|  0%| F|  |TAMS 0x0000000083300000, 0x0000000083300000| Untracked 
|  20|0x0000000083400000, 0x0000000083400000, 0x0000000083500000|  0%| F|  |TAMS 0x0000000083400000, 0x0000000083400000| Untracked 
|  21|0x0000000083500000, 0x0000000083500000, 0x0000000083600000|  0%| F|  |TAMS 0x0000000083500000, 0x0000000083500000| Untracked 
|  22|0x0000000083600000, 0x0000000083600000, 0x0000000083700000|  0%| F|  |TAMS 0x0000000083600000, 0x0000000083600000| Untracked 
|  23|0x0000000083700000, 0x0000000083700000, 0x0000000083800000|  0%| F|  |TAMS 0x0000000083700000, 0x0000000083700000| Untracked 
|  24|0x0000000083800000, 0x0000000083800000, 0x0000000083900000|  0%| F|  |TAMS 0x0000000083800000, 0x0000000083800000| Untracked 
|  25|0x0000000083900000, 0x0000000083900000, 0x0000000083a00000|  0%| F|  |TAMS 0x0000000083900000, 0x0000000083900000| Untracked 
|  26|0x0000000083a00000, 0x0000000083a00000, 0x0000000083b00000|  0%| F|  |TAMS 0x0000000083a00000, 0x0000000083a00000| Untracked 
|  27|0x0000000083b00000, 0x0000000083b00000, 0x0000000083c00000|  0%| F|  |TAMS 0x0000000083b00000, 0x0000000083b00000| Untracked 
|  28|0x0000000083c00000, 0x0000000083c00000, 0x0000000083d00000|  0%| F|  |TAMS 0x0000000083c00000, 0x0000000083c00000| Untracked 
|  29|0x0000000083d00000, 0x0000000083d00000, 0x0000000083e00000|  0%| F|  |TAMS 0x0000000083d00000, 0x0000000083d00000| Untracked 
|  30|0x0000000083e00000, 0x0000000083e00000, 0x0000000083f00000|  0%| F|  |TAMS 0x0000000083e00000, 0x0000000083e00000| Untracked 
|  31|0x0000000083f00000, 0x0000000083f00000, 0x0000000084000000|  0%| F|  |TAMS 0x0000000083f00000, 0x0000000083f00000| Untracked 
|  32|0x0000000084000000, 0x0000000084000000, 0x0000000084100000|  0%| F|  |TAMS 0x0000000084000000, 0x0000000084000000| Untracked 
|  33|0x0000000084100000, 0x0000000084100000, 0x0000000084200000|  0%| F|  |TAMS 0x0000000084100000, 0x0000000084100000| Untracked 
|  34|0x0000000084200000, 0x0000000084200000, 0x0000000084300000|  0%| F|  |TAMS 0x0000000084200000, 0x0000000084200000| Untracked 
|  35|0x0000000084300000, 0x0000000084300000, 0x0000000084400000|  0%| F|  |TAMS 0x0000000084300000, 0x0000000084300000| Untracked 
|  36|0x0000000084400000, 0x0000000084400000, 0x0000000084500000|  0%| F|  |TAMS 0x0000000084400000, 0x0000000084400000| Untracked 
|  37|0x0000000084500000, 0x0000000084500000, 0x0000000084600000|  0%| F|  |TAMS 0x0000000084500000, 0x0000000084500000| Untracked 
|  38|0x0000000084600000, 0x0000000084600000, 0x0000000084700000|  0%| F|  |TAMS 0x0000000084600000, 0x0000000084600000| Untracked 
|  39|0x0000000084700000, 0x0000000084700000, 0x0000000084800000|  0%| F|  |TAMS 0x0000000084700000, 0x0000000084700000| Untracked 
|  40|0x0000000084800000, 0x0000000084800000, 0x0000000084900000|  0%| F|  |TAMS 0x0000000084800000, 0x0000000084800000| Untracked 
|  41|0x0000000084900000, 0x0000000084900000, 0x0000000084a00000|  0%| F|  |TAMS 0x0000000084900000, 0x0000000084900000| Untracked 
|  42|0x0000000084a00000, 0x0000000084a00000, 0x0000000084b00000|  0%| F|  |TAMS 0x0000000084a00000, 0x0000000084a00000| Untracked 
|  43|0x0000000084b00000, 0x0000000084b00000, 0x0000000084c00000|  0%| F|  |TAMS 0x0000000084b00000, 0x0000000084b00000| Untracked 
|  44|0x0000000084c00000, 0x0000000084c00000, 0x0000000084d00000|  0%| F|  |TAMS 0x0000000084c00000, 0x0000000084c00000| Untracked 
|  45|0x0000000084d00000, 0x0000000084d00000, 0x0000000084e00000|  0%| F|  |TAMS 0x0000000084d00000, 0x0000000084d00000| Untracked 
|  46|0x0000000084e00000, 0x0000000084e00000, 0x0000000084f00000|  0%| F|  |TAMS 0x0000000084e00000, 0x0000000084e00000| Untracked 
|  47|0x0000000084f00000, 0x0000000084f00000, 0x0000000085000000|  0%| F|  |TAMS 0x0000000084f00000, 0x0000000084f00000| Untracked 
|  48|0x0000000085000000, 0x0000000085000000, 0x0000000085100000|  0%| F|  |TAMS 0x0000000085000000, 0x0000000085000000| Untracked 
|  49|0x0000000085100000, 0x0000000085100000, 0x0000000085200000|  0%| F|  |TAMS 0x0000000085100000, 0x0000000085100000| Untracked 
|  50|0x0000000085200000, 0x0000000085200000, 0x0000000085300000|  0%| F|  |TAMS 0x0000000085200000, 0x0000000085200000| Untracked 
|  51|0x0000000085300000, 0x0000000085300000, 0x0000000085400000|  0%| F|  |TAMS 0x0000000085300000, 0x0000000085300000| Untracked 
|  52|0x0000000085400000, 0x0000000085400000, 0x0000000085500000|  0%| F|  |TAMS 0x0000000085400000, 0x0000000085400000| Untracked 
|  53|0x0000000085500000, 0x0000000085500000, 0x0000000085600000|  0%| F|  |TAMS 0x0000000085500000, 0x0000000085500000| Untracked 
|  54|0x0000000085600000, 0x0000000085600000, 0x0000000085700000|  0%| F|  |TAMS 0x0000000085600000, 0x0000000085600000| Untracked 
|  55|0x0000000085700000, 0x0000000085700000, 0x0000000085800000|  0%| F|  |TAMS 0x0000000085700000, 0x0000000085700000| Untracked 
|  56|0x0000000085800000, 0x0000000085800000, 0x0000000085900000|  0%| F|  |TAMS 0x0000000085800000, 0x0000000085800000| Untracked 
|  57|0x0000000085900000, 0x0000000085900000, 0x0000000085a00000|  0%| F|  |TAMS 0x0000000085900000, 0x0000000085900000| Untracked 
|  58|0x0000000085a00000, 0x0000000085a00000, 0x0000000085b00000|  0%| F|  |TAMS 0x0000000085a00000, 0x0000000085a00000| Untracked 
|  59|0x0000000085b00000, 0x0000000085b00000, 0x0000000085c00000|  0%| F|  |TAMS 0x0000000085b00000, 0x0000000085b00000| Untracked 
|  60|0x0000000085c00000, 0x0000000085c00000, 0x0000000085d00000|  0%| F|  |TAMS 0x0000000085c00000, 0x0000000085c00000| Untracked 
|  61|0x0000000085d00000, 0x0000000085d00000, 0x0000000085e00000|  0%| F|  |TAMS 0x0000000085d00000, 0x0000000085d00000| Untracked 
|  62|0x0000000085e00000, 0x0000000085e00000, 0x0000000085f00000|  0%| F|  |TAMS 0x0000000085e00000, 0x0000000085e00000| Untracked 
|  63|0x0000000085f00000, 0x0000000085f00000, 0x0000000086000000|  0%| F|  |TAMS 0x0000000085f00000, 0x0000000085f00000| Untracked 
|  64|0x0000000086000000, 0x0000000086000000, 0x0000000086100000|  0%| F|  |TAMS 0x0000000086000000, 0x0000000086000000| Untracked 
|  65|0x0000000086100000, 0x0000000086100000, 0x0000000086200000|  0%| F|  |TAMS 0x0000000086100000, 0x0000000086100000| Untracked 
|  66|0x0000000086200000, 0x0000000086200000, 0x0000000086300000|  0%| F|  |TAMS 0x0000000086200000, 0x0000000086200000| Untracked 
|  67|0x0000000086300000, 0x0000000086300000, 0x0000000086400000|  0%| F|  |TAMS 0x0000000086300000, 0x0000000086300000| Untracked 
|  68|0x0000000086400000, 0x0000000086400000, 0x0000000086500000|  0%| F|  |TAMS 0x0000000086400000, 0x0000000086400000| Untracked 
|  69|0x0000000086500000, 0x0000000086500000, 0x0000000086600000|  0%| F|  |TAMS 0x0000000086500000, 0x0000000086500000| Untracked 
|  70|0x0000000086600000, 0x0000000086600000, 0x0000000086700000|  0%| F|  |TAMS 0x0000000086600000, 0x0000000086600000| Untracked 
|  71|0x0000000086700000, 0x0000000086700000, 0x0000000086800000|  0%| F|  |TAMS 0x0000000086700000, 0x0000000086700000| Untracked 
|  72|0x0000000086800000, 0x0000000086800000, 0x0000000086900000|  0%| F|  |TAMS 0x0000000086800000, 0x0000000086800000| Untracked 
|  73|0x0000000086900000, 0x0000000086900000, 0x0000000086a00000|  0%| F|  |TAMS 0x0000000086900000, 0x0000000086900000| Untracked 
|  74|0x0000000086a00000, 0x0000000086a00000, 0x0000000086b00000|  0%| F|  |TAMS 0x0000000086a00000, 0x0000000086a00000| Untracked 
|  75|0x0000000086b00000, 0x0000000086b00000, 0x0000000086c00000|  0%| F|  |TAMS 0x0000000086b00000, 0x0000000086b00000| Untracked 
|  76|0x0000000086c00000, 0x0000000086c00000, 0x0000000086d00000|  0%| F|  |TAMS 0x0000000086c00000, 0x0000000086c00000| Untracked 
|  77|0x0000000086d00000, 0x0000000086d00000, 0x0000000086e00000|  0%| F|  |TAMS 0x0000000086d00000, 0x0000000086d00000| Untracked 
|  78|0x0000000086e00000, 0x0000000086e00000, 0x0000000086f00000|  0%| F|  |TAMS 0x0000000086e00000, 0x0000000086e00000| Untracked 
|  79|0x0000000086f00000, 0x0000000086f00000, 0x0000000087000000|  0%| F|  |TAMS 0x0000000086f00000, 0x0000000086f00000| Untracked 
|  80|0x0000000087000000, 0x0000000087000000, 0x0000000087100000|  0%| F|  |TAMS 0x0000000087000000, 0x0000000087000000| Untracked 
|  81|0x0000000087100000, 0x0000000087100000, 0x0000000087200000|  0%| F|  |TAMS 0x0000000087100000, 0x0000000087100000| Untracked 
|  82|0x0000000087200000, 0x0000000087200000, 0x0000000087300000|  0%| F|  |TAMS 0x0000000087200000, 0x0000000087200000| Untracked 
|  83|0x0000000087300000, 0x0000000087300000, 0x0000000087400000|  0%| F|  |TAMS 0x0000000087300000, 0x0000000087300000| Untracked 
|  84|0x0000000087400000, 0x0000000087400000, 0x0000000087500000|  0%| F|  |TAMS 0x0000000087400000, 0x0000000087400000| Untracked 
|  85|0x0000000087500000, 0x0000000087500000, 0x0000000087600000|  0%| F|  |TAMS 0x0000000087500000, 0x0000000087500000| Untracked 
|  86|0x0000000087600000, 0x0000000087600000, 0x0000000087700000|  0%| F|  |TAMS 0x0000000087600000, 0x0000000087600000| Untracked 
|  87|0x0000000087700000, 0x0000000087700000, 0x0000000087800000|  0%| F|  |TAMS 0x0000000087700000, 0x0000000087700000| Untracked 
|  88|0x0000000087800000, 0x0000000087800000, 0x0000000087900000|  0%| F|  |TAMS 0x0000000087800000, 0x0000000087800000| Untracked 
|  89|0x0000000087900000, 0x0000000087900000, 0x0000000087a00000|  0%| F|  |TAMS 0x0000000087900000, 0x0000000087900000| Untracked 
|  90|0x0000000087a00000, 0x0000000087a00000, 0x0000000087b00000|  0%| F|  |TAMS 0x0000000087a00000, 0x0000000087a00000| Untracked 
|  91|0x0000000087b00000, 0x0000000087b00000, 0x0000000087c00000|  0%| F|  |TAMS 0x0000000087b00000, 0x0000000087b00000| Untracked 
|  92|0x0000000087c00000, 0x0000000087c00000, 0x0000000087d00000|  0%| F|  |TAMS 0x0000000087c00000, 0x0000000087c00000| Untracked 
|  93|0x0000000087d00000, 0x0000000087d00000, 0x0000000087e00000|  0%| F|  |TAMS 0x0000000087d00000, 0x0000000087d00000| Untracked 
|  94|0x0000000087e00000, 0x0000000087e00000, 0x0000000087f00000|  0%| F|  |TAMS 0x0000000087e00000, 0x0000000087e00000| Untracked 
|  95|0x0000000087f00000, 0x0000000087f00000, 0x0000000088000000|  0%| F|  |TAMS 0x0000000087f00000, 0x0000000087f00000| Untracked 
|  96|0x0000000088000000, 0x0000000088000000, 0x0000000088100000|  0%| F|  |TAMS 0x0000000088000000, 0x0000000088000000| Untracked 
|  97|0x0000000088100000, 0x0000000088100000, 0x0000000088200000|  0%| F|  |TAMS 0x0000000088100000, 0x0000000088100000| Untracked 
|  98|0x0000000088200000, 0x0000000088200000, 0x0000000088300000|  0%| F|  |TAMS 0x0000000088200000, 0x0000000088200000| Untracked 
|  99|0x0000000088300000, 0x0000000088300000, 0x0000000088400000|  0%| F|  |TAMS 0x0000000088300000, 0x0000000088300000| Untracked 
| 100|0x0000000088400000, 0x0000000088400000, 0x0000000088500000|  0%| F|  |TAMS 0x0000000088400000, 0x0000000088400000| Untracked 
| 101|0x0000000088500000, 0x0000000088500000, 0x0000000088600000|  0%| F|  |TAMS 0x0000000088500000, 0x0000000088500000| Untracked 
| 102|0x0000000088600000, 0x0000000088600000, 0x0000000088700000|  0%| F|  |TAMS 0x0000000088600000, 0x0000000088600000| Untracked 
| 103|0x0000000088700000, 0x0000000088700000, 0x0000000088800000|  0%| F|  |TAMS 0x0000000088700000, 0x0000000088700000| Untracked 
| 104|0x0000000088800000, 0x0000000088800000, 0x0000000088900000|  0%| F|  |TAMS 0x0000000088800000, 0x0000000088800000| Untracked 
| 105|0x0000000088900000, 0x0000000088900000, 0x0000000088a00000|  0%| F|  |TAMS 0x0000000088900000, 0x0000000088900000| Untracked 
| 106|0x0000000088a00000, 0x0000000088a00000, 0x0000000088b00000|  0%| F|  |TAMS 0x0000000088a00000, 0x0000000088a00000| Untracked 
| 107|0x0000000088b00000, 0x0000000088b00000, 0x0000000088c00000|  0%| F|  |TAMS 0x0000000088b00000, 0x0000000088b00000| Untracked 
| 108|0x0000000088c00000, 0x0000000088c00000, 0x0000000088d00000|  0%| F|  |TAMS 0x0000000088c00000, 0x0000000088c00000| Untracked 
| 109|0x0000000088d00000, 0x0000000088d00000, 0x0000000088e00000|  0%| F|  |TAMS 0x0000000088d00000, 0x0000000088d00000| Untracked 
| 110|0x0000000088e00000, 0x0000000088f00000, 0x0000000088f00000|100%| S|CS|TAMS 0x0000000088e00000, 0x0000000088e00000| Complete 
| 111|0x0000000088f00000, 0x0000000088f00000, 0x0000000089000000|  0%| F|  |TAMS 0x0000000088f00000, 0x0000000088f00000| Untracked 
| 112|0x0000000089000000, 0x0000000089000000, 0x0000000089100000|  0%| F|  |TAMS 0x0000000089000000, 0x0000000089000000| Untracked 
| 113|0x0000000089100000, 0x0000000089200000, 0x0000000089200000|100%| S|CS|TAMS 0x0000000089100000, 0x0000000089100000| Complete 
| 114|0x0000000089200000, 0x0000000089236460, 0x0000000089300000| 21%| E|  |TAMS 0x0000000089200000, 0x0000000089200000| Complete 
| 115|0x0000000089300000, 0x0000000089400000, 0x0000000089400000|100%| E|CS|TAMS 0x0000000089300000, 0x0000000089300000| Complete 
| 116|0x0000000089400000, 0x0000000089500000, 0x0000000089500000|100%| E|CS|TAMS 0x0000000089400000, 0x0000000089400000| Complete 
| 117|0x0000000089500000, 0x0000000089600000, 0x0000000089600000|100%| E|CS|TAMS 0x0000000089500000, 0x0000000089500000| Complete 
| 118|0x0000000089600000, 0x0000000089700000, 0x0000000089700000|100%| E|CS|TAMS 0x0000000089600000, 0x0000000089600000| Complete 
| 119|0x0000000089700000, 0x0000000089800000, 0x0000000089800000|100%| E|CS|TAMS 0x0000000089700000, 0x0000000089700000| Complete 
| 120|0x0000000089800000, 0x0000000089900000, 0x0000000089900000|100%| E|CS|TAMS 0x0000000089800000, 0x0000000089800000| Complete 
| 121|0x0000000089900000, 0x0000000089a00000, 0x0000000089a00000|100%| E|CS|TAMS 0x0000000089900000, 0x0000000089900000| Complete 
| 122|0x0000000089a00000, 0x0000000089b00000, 0x0000000089b00000|100%| E|CS|TAMS 0x0000000089a00000, 0x0000000089a00000| Complete 
| 123|0x0000000089b00000, 0x0000000089c00000, 0x0000000089c00000|100%| E|CS|TAMS 0x0000000089b00000, 0x0000000089b00000| Complete 
| 124|0x0000000089c00000, 0x0000000089d00000, 0x0000000089d00000|100%| E|CS|TAMS 0x0000000089c00000, 0x0000000089c00000| Complete 
| 125|0x0000000089d00000, 0x0000000089e00000, 0x0000000089e00000|100%| E|CS|TAMS 0x0000000089d00000, 0x0000000089d00000| Complete 

Card table byte_map: [0x000001b972240000,0x000001b972630000] _byte_map_base: 0x000001b971e30000

Marking Bits (Prev, Next): (CMBitMap*) 0x000001b9696f29b8, (CMBitMap*) 0x000001b9696f29f8
 Prev Bits: [0x000001b972a20000, 0x000001b9749a0000)
 Next Bits: [0x000001b9749a0000, 0x000001b976920000)

Polling page: 0x000001b967500000

Metaspace:

Usage:
  Non-class:     15.99 MB capacity,    15.78 MB ( 99%) used,   176.15 KB (  1%) free+waste,    40.44 KB ( <1%) overhead. 
      Class:      2.21 MB capacity,     2.04 MB ( 92%) used,   153.08 KB (  7%) free+waste,    21.75 KB ( <1%) overhead. 
       Both:     18.20 MB capacity,    17.81 MB ( 98%) used,   329.23 KB (  2%) free+waste,    62.19 KB ( <1%) overhead. 

Virtual space:
  Non-class space:       16.00 MB reserved,      16.00 MB (100%) committed 
      Class space:        1.00 GB reserved,       2.25 MB ( <1%) committed 
             Both:        1.02 GB reserved,      18.25 MB (  2%) committed 

Chunk freelists:
   Non-Class:  11.00 KB
       Class:  13.00 KB
        Both:  24.00 KB

MaxMetaspaceSize: 17179869184.00 GB
CompressedClassSpaceSize: 1.00 GB

CodeHeap 'non-profiled nmethods': size=120000Kb used=758Kb max_used=774Kb free=119241Kb
 bounds [0x000001b907ad0000, 0x000001b907d40000, 0x000001b90f000000]
CodeHeap 'profiled nmethods': size=120000Kb used=3766Kb max_used=4226Kb free=116233Kb
 bounds [0x000001b9005a0000, 0x000001b9009d0000, 0x000001b907ad0000]
CodeHeap 'non-nmethods': size=5760Kb used=1366Kb max_used=1396Kb free=4393Kb
 bounds [0x000001b900000000, 0x000001b900270000, 0x000001b9005a0000]
 total_blobs=2658 nmethods=1983 adapters=587
 compilation: enabled
              stopped_count=0, restarted_count=0
 full_count=0

Compilation events (20 events):
Event: 4542.581 Thread 0x000001b978e3a800 nmethod 2193 0x000001b907ae1d10 code [0x000001b907ae1f20, 0x000001b907ae25c8]
Event: 6242.370 Thread 0x000001b978e48000 2194   !   3       jdk.internal.ref.PhantomCleanable::isListEmpty (34 bytes)
Event: 6242.370 Thread 0x000001b978e48000 nmethod 2194 0x000001b9005d8490 code [0x000001b9005d8640, 0x000001b9005d8978]
Event: 6242.370 Thread 0x000001b978e48000 2195       3       jdk.internal.misc.InnocuousThread::eraseThreadLocals (23 bytes)
Event: 6242.371 Thread 0x000001b978e48000 nmethod 2195 0x000001b9005c1b10 code [0x000001b9005c1ca0, 0x000001b9005c1e98]
Event: 8883.188 Thread 0x000001b978e3a800 2196       4       jdk.internal.module.Resources::toPackageName (39 bytes)
Event: 8883.191 Thread 0x000001b978e3a800 nmethod 2196 0x000001b907b4ac10 code [0x000001b907b4ade0, 0x000001b907b4b008]
Event: 8928.193 Thread 0x000001b978e3a800 2197   !   4       jdk.internal.loader.BuiltinClassLoader::findResource (154 bytes)
Event: 8928.283 Thread 0x000001b978e3a800 nmethod 2197 0x000001b907b91890 code [0x000001b907b920a0, 0x000001b907b960d0]
Event: 8928.283 Thread 0x000001b978e3a800 2198   !   4       jdk.internal.loader.BuiltinClassLoader::findMiscResource (118 bytes)
Event: 8928.295 Thread 0x000001b978e3a800 nmethod 2198 0x000001b907b70110 code [0x000001b907b703a0, 0x000001b907b70ff8]
Event: 10058.356 Thread 0x000001b978e3a800 2199       4       java.lang.ref.ReferenceQueue::reallyPoll (65 bytes)
Event: 10058.360 Thread 0x000001b978e3a800 nmethod 2199 0x000001b907b4fa90 code [0x000001b907b4fc20, 0x000001b907b4ffb8]
Event: 10118.367 Thread 0x000001b978e3a800 2200       4       java.lang.String::regionMatches (150 bytes)
Event: 10118.376 Thread 0x000001b978e3a800 nmethod 2200 0x000001b907b6c210 code [0x000001b907b6c4c0, 0x000001b907b6ced8]
Event: 67492.428 Thread 0x000001b978e3a800 2201       4       sun.awt.AWTAutoShutdown::isReadyToShutdown (37 bytes)
Event: 67492.430 Thread 0x000001b978e3a800 nmethod 2201 0x000001b907ae0110 code [0x000001b907ae02c0, 0x000001b907ae03d8]
Event: 69676.353 Thread 0x000001b978e3a800 2202   !   4       java.net.URL::<init> (543 bytes)
Event: 69676.404 Thread 0x000001b978e3a800 nmethod 2202 0x000001b907b63910 code [0x000001b907b63ce0, 0x000001b907b65a10]
Event: 69681.356 Thread 0x000001b978e3a800 2204       4       java.net.URLStreamHandler::parseURL (1201 bytes)

GC Heap History (4 events):
Event: 2.005 GC heap before
{Heap before GC invocations=0 (full 0):
 garbage-first heap   total 129024K, used 16384K [0x0000000082000000, 0x0000000100000000)
  region size 1024K, 13 young (13312K), 0 survivors (0K)
 Metaspace       used 10883K, capacity 11297K, committed 11520K, reserved 1058816K
  class space    used 1238K, capacity 1418K, committed 1536K, reserved 1048576K
}
Event: 2.009 GC heap after
{Heap after GC invocations=1 (full 0):
 garbage-first heap   total 129024K, used 4064K [0x0000000082000000, 0x0000000100000000)
  region size 1024K, 2 young (2048K), 2 survivors (2048K)
 Metaspace       used 10883K, capacity 11297K, committed 11520K, reserved 1058816K
  class space    used 1238K, capacity 1418K, committed 1536K, reserved 1048576K
}
Event: 2.303 GC heap before
{Heap before GC invocations=1 (full 0):
 garbage-first heap   total 129024K, used 16352K [0x0000000082000000, 0x0000000100000000)
  region size 1024K, 14 young (14336K), 2 survivors (2048K)
 Metaspace       used 15174K, capacity 15639K, committed 15744K, reserved 1062912K
  class space    used 1702K, capacity 1902K, committed 1920K, reserved 1048576K
}
Event: 2.308 GC heap after
{Heap after GC invocations=2 (full 0):
 garbage-first heap   total 129024K, used 6660K [0x0000000082000000, 0x0000000100000000)
  region size 1024K, 2 young (2048K), 2 survivors (2048K)
 Metaspace       used 15174K, capacity 15639K, committed 15744K, reserved 1062912K
  class space    used 1702K, capacity 1902K, committed 1920K, reserved 1048576K
}

Deoptimization events (20 events):
Event: 2.907 Thread 0x000001b979a73000 Uncommon trap: trap_request=0xffffffbe fr.pc=0x000001b907b70a3c relative=0x00000000000009fc
Event: 2.907 Thread 0x000001b979a73000 Uncommon trap: reason=profile_predicate action=maybe_recompile pc=0x000001b907b70a3c method=java.math.BigInteger.montReduce([I[III)[I @ 56 c2
Event: 2.907 Thread 0x000001b979a73000 DEOPT PACKING pc=0x000001b907b70a3c sp=0x0000005500efd010
Event: 2.907 Thread 0x000001b979a73000 DEOPT UNPACKING pc=0x000001b90004912f sp=0x0000005500efcfc8 mode 2
Event: 2.907 Thread 0x000001b979a73000 Uncommon trap: trap_request=0xffffffbe fr.pc=0x000001b907b6cd20 relative=0x00000000000008e0
Event: 2.907 Thread 0x000001b979a73000 Uncommon trap: reason=profile_predicate action=maybe_recompile pc=0x000001b907b6cd20 method=java.math.BigInteger.montReduce([I[III)[I @ 9 c2
Event: 2.907 Thread 0x000001b979a73000 DEOPT PACKING pc=0x000001b907b6cd20 sp=0x0000005500efd000
Event: 2.907 Thread 0x000001b979a73000 DEOPT UNPACKING pc=0x000001b90004912f sp=0x0000005500efcfd0 mode 2
Event: 2.907 Thread 0x000001b979a73000 Uncommon trap: trap_request=0xffffffbe fr.pc=0x000001b907b70a3c relative=0x00000000000009fc
Event: 2.907 Thread 0x000001b979a73000 Uncommon trap: reason=profile_predicate action=maybe_recompile pc=0x000001b907b70a3c method=java.math.BigInteger.montReduce([I[III)[I @ 56 c2
Event: 2.907 Thread 0x000001b979a73000 DEOPT PACKING pc=0x000001b907b70a3c sp=0x0000005500efd010
Event: 2.907 Thread 0x000001b979a73000 DEOPT UNPACKING pc=0x000001b90004912f sp=0x0000005500efcfc8 mode 2
Event: 2.910 Thread 0x000001b979a73000 Uncommon trap: trap_request=0xffffffbe fr.pc=0x000001b907b6cd20 relative=0x00000000000008e0
Event: 2.910 Thread 0x000001b979a73000 Uncommon trap: reason=profile_predicate action=maybe_recompile pc=0x000001b907b6cd20 method=java.math.BigInteger.montReduce([I[III)[I @ 9 c2
Event: 2.910 Thread 0x000001b979a73000 DEOPT PACKING pc=0x000001b907b6cd20 sp=0x0000005500efcf80
Event: 2.910 Thread 0x000001b979a73000 DEOPT UNPACKING pc=0x000001b90004912f sp=0x0000005500efcf50 mode 2
Event: 3.251 Thread 0x000001b979a73000 Uncommon trap: trap_request=0xffffff45 fr.pc=0x000001b907b4af28 relative=0x0000000000000148
Event: 3.251 Thread 0x000001b979a73000 Uncommon trap: reason=unstable_if action=reinterpret pc=0x000001b907b4af28 method=java.lang.String.equalsIgnoreCase(Ljava/lang/String;)Z @ 10 c2
Event: 3.251 Thread 0x000001b979a73000 DEOPT PACKING pc=0x000001b907b4af28 sp=0x0000005500efdab0
Event: 3.251 Thread 0x000001b979a73000 DEOPT UNPACKING pc=0x000001b90004912f sp=0x0000005500efda50 mode 2

Classes unloaded (0 events):
No events

Classes redefined (0 events):
No events

Internal exceptions (20 events):
Event: 0.208 Thread 0x000001b9696ae000 Exception <a 'java/io/FileNotFoundException'{0x0000000089ac3bb8}> (0x0000000089ac3bb8) 
thrown [./open/src/hotspot/share/prims/jni.cpp, line 599]
Event: 0.214 Thread 0x000001b9696ae000 Exception <a 'java/io/FileNotFoundException'{0x0000000089aea588}> (0x0000000089aea588) 
thrown [./open/src/hotspot/share/prims/jni.cpp, line 599]
Event: 0.259 Thread 0x000001b979a1a000 Exception <a 'java/lang/NoSuchMethodError'{0x0000000089947e68}: 'void java.lang.invoke.DirectMethodHandle$Holder.invokeSpecial(java.lang.Object, java.lang.Object)'> (0x0000000089947e68) 
thrown [./open/src/hotspot/share/interpreter/linkResolver.cpp, line 766]
Event: 0.304 Thread 0x000001b979a73000 Exception <a 'java/lang/NoSuchMethodError'{0x0000000089832a80}: 'java.lang.Object java.lang.invoke.DirectMethodHandle$Holder.invokeStatic(java.lang.Object, int, java.lang.Object, java.lang.Object, java.lang.Object, java.lang.Object)'> (0x0000000089832a80) 
thrown [./open/src/hotspot/share/interpreter/linkResolver.cpp, line 766]
Event: 0.304 Thread 0x000001b979a73000 Exception <a 'java/lang/NoSuchMethodError'{0x00000000898393a0}: 'java.lang.Object java.lang.invoke.DirectMethodHandle$Holder.invokeStatic(java.lang.Object, int, java.lang.Object, java.lang.Object, java.lang.Object)'> (0x00000000898393a0) 
thrown [./open/src/hotspot/share/interpreter/linkResolver.cpp, line 766]
Event: 0.305 Thread 0x000001b979a73000 Exception <a 'java/lang/NoSuchMethodError'{0x000000008983cbf0}: 'java.lang.Object java.lang.invoke.DirectMethodHandle$Holder.invokeSpecial(java.lang.Object, java.lang.Object, int, java.lang.Object, java.lang.Object, java.lang.Object)'> (0x000000008983cbf0) 
thrown [./open/src/hotspot/share/interpreter/linkResolver.cpp, line 766]
Event: 0.307 Thread 0x000001b979a73000 Exception <a 'java/lang/NoSuchMethodError'{0x00000000898534e8}: 'java.lang.Object java.lang.invoke.DirectMethodHandle$Holder.invokeStatic(java.lang.Object, int, java.lang.Object)'> (0x00000000898534e8) 
thrown [./open/src/hotspot/share/interpreter/linkResolver.cpp, line 766]
Event: 0.327 Thread 0x000001b979a73000 Exception <a 'java/lang/ClassNotFoundException'{0x00000000898f6ea0}: com/sun/swing/internal/plaf/metal/resources/spi/metalProvider> (0x00000000898f6ea0) 
thrown [./open/src/hotspot/share/classfile/systemDictionary.cpp, line 226]
Event: 0.328 Thread 0x000001b979a73000 Exception <a 'java/lang/ClassNotFoundException'{0x00000000898fcef0}: com/sun/swing/internal/plaf/basic/resources/spi/basicProvider> (0x00000000898fcef0) 
thrown [./open/src/hotspot/share/classfile/systemDictionary.cpp, line 226]
Event: 0.427 Thread 0x000001b979a73000 Exception <a 'java/lang/NoSuchMethodError'{0x00000000897be0a0}: 'void java.lang.invoke.DirectMethodHandle$Holder.invokeStaticInit(java.lang.Object)'> (0x00000000897be0a0) 
thrown [./open/src/hotspot/share/interpreter/linkResolver.cpp, line 766]
Event: 0.433 Thread 0x000001b979a73000 Exception <a 'java/lang/NoSuchMethodError'{0x0000000089623a30}: 'java.lang.Object java.lang.invoke.Invokers$Holder.linkToTargetMethod(java.lang.Object, int, java.lang.Object)'> (0x0000000089623a30) 
thrown [./open/src/hotspot/share/interpreter/linkResolver.cpp, line 766]
Event: 1.901 Thread 0x000001b979a73000 Exception <a 'java/lang/NoSuchMethodError'{0x0000000089418a50}: 'java.lang.Object java.lang.invoke.DirectMethodHandle$Holder.invokeVirtual(java.lang.Object, java.lang.Object, java.lang.Object)'> (0x0000000089418a50) 
thrown [./open/src/hotspot/share/interpreter/linkResolver.cpp, line 766]
Event: 2.052 Thread 0x000001b979a73000 Exception <a 'java/lang/NoSuchMethodError'{0x0000000089c43c78}: 'void java.lang.invoke.DirectMethodHandle$Holder.invokeStaticInit(java.lang.Object, java.lang.Object)'> (0x0000000089c43c78) 
thrown [./open/src/hotspot/share/interpreter/linkResolver.cpp, line 766]
Event: 2.177 Thread 0x000001b979a73000 Exception <a 'java/lang/NoSuchMethodError'{0x000000008961f3c0}: 'java.lang.Object java.lang.invoke.DirectMethodHandle$Holder.invokeStaticInit(java.lang.Object, int, int, int, int)'> (0x000000008961f3c0) 
thrown [./open/src/hotspot/share/interpreter/linkResolver.cpp, line 766]
Event: 2.178 Thread 0x000001b979a73000 Exception <a 'sun/nio/fs/WindowsException'{0x0000000089624d88}> (0x0000000089624d88) 
thrown [./open/src/hotspot/share/prims/jni.cpp, line 599]
Event: 2.186 Thread 0x000001b979a73000 Exception <a 'java/lang/NoSuchMethodError'{0x000000008964af20}: 'int java.lang.invoke.DirectMethodHandle$Holder.invokeStaticInit(java.lang.Object, java.lang.Object, java.lang.Object, java.lang.Object)'> (0x000000008964af20) 
thrown [./open/src/hotspot/share/interpreter/linkResolver.cpp, line 766]
Event: 2.186 Thread 0x000001b979a73000 Exception <a 'java/lang/IncompatibleClassChangeError'{0x00000000896537b8}: Found class java.lang.Object, but interface was expected> (0x00000000896537b8) 
thrown [./open/src/hotspot/share/interpreter/linkResolver.cpp, line 832]
Event: 2.187 Thread 0x000001b979a73000 Exception <a 'java/lang/NoSuchMethodError'{0x0000000089658698}: 'int java.lang.invoke.DirectMethodHandle$Holder.invokeStaticInit(java.lang.Object, java.lang.Object)'> (0x0000000089658698) 
thrown [./open/src/hotspot/share/interpreter/linkResolver.cpp, line 766]
Event: 2.269 Thread 0x000001b979a73000 Exception <a 'java/lang/NoSuchMethodError'{0x000000008939bd50}: 'java.lang.Object java.lang.invoke.DirectMethodHandle$Holder.invokeStaticInit(java.lang.Object, java.lang.Object, int, int, int, int)'> (0x000000008939bd50) 
thrown [./open/src/hotspot/share/interpreter/linkResolver.cpp, line 766]
Event: 3.251 Thread 0x000001b979a73000 Implicit null exception at 0x000001b907b4ae25 to 0x000001b907b4af14

Events (20 events):
Event: 8928.280 Executing VM operation: HandshakeAllThreads
Event: 8928.280 Executing VM operation: HandshakeAllThreads done
Event: 8928.280 Thread 0x000001b978e4b000 flushing nmethod 0x000001b900618410
Event: 10058.359 Executing VM operation: HandshakeAllThreads
Event: 10058.359 Executing VM operation: HandshakeAllThreads done
Event: 10058.360 Thread 0x000001b978e4b000 flushing nmethod 0x000001b9005ee290
Event: 10118.376 Executing VM operation: HandshakeAllThreads
Event: 10118.376 Executing VM operation: HandshakeAllThreads done
Event: 10118.378 Thread 0x000001b978e4b000 flushing nmethod 0x000001b900985890
Event: 10349.781 loading class java/awt/desktop/SystemSleepListener
Event: 10349.781 loading class java/awt/desktop/SystemEventListener
Event: 10349.781 loading class java/awt/desktop/SystemEventListener done
Event: 10349.781 loading class java/awt/desktop/SystemSleepListener done
Event: 67492.430 Executing VM operation: HandshakeAllThreads
Event: 67492.430 Executing VM operation: HandshakeAllThreads done
Event: 67492.432 Thread 0x000001b978e4b000 flushing nmethod 0x000001b900986c10
Event: 67492.432 Thread 0x000001b978e4b000 flushing nmethod 0x000001b900998610
Event: 69676.403 Executing VM operation: HandshakeAllThreads
Event: 69676.403 Executing VM operation: HandshakeAllThreads done
Event: 69676.407 Thread 0x000001b978e4b000 flushing nmethod 0x000001b900765590


Dynamic libraries:
0x00007ff7a7690000 - 0x00007ff7a769f000 	D:\java\bin\javaw.exe
0x00007fffe3d20000 - 0x00007fffe3f10000 	C:\WINDOWS\SYSTEM32\ntdll.dll
0x00007fffe3a40000 - 0x00007fffe3af2000 	C:\WINDOWS\System32\KERNEL32.DLL
0x00007fffe1a70000 - 0x00007fffe1d15000 	C:\WINDOWS\System32\KERNELBASE.dll
0x00007fffe1800000 - 0x00007fffe18fa000 	C:\WINDOWS\System32\ucrtbase.dll
0x00007fffcf260000 - 0x00007fffcf275000 	D:\java\bin\VCRUNTIME140.dll
0x00007fffcf170000 - 0x00007fffcf188000 	D:\java\bin\jli.dll
0x00007fffe3020000 - 0x00007fffe30c3000 	C:\WINDOWS\System32\ADVAPI32.dll
0x00007fffe2a40000 - 0x00007fffe2ade000 	C:\WINDOWS\System32\msvcrt.dll
0x00007fffe36d0000 - 0x00007fffe3767000 	C:\WINDOWS\System32\sechost.dll
0x00007fffe3550000 - 0x00007fffe3670000 	C:\WINDOWS\System32\RPCRT4.dll
0x00007fffe1f40000 - 0x00007fffe20d4000 	C:\WINDOWS\System32\USER32.dll
0x00007fffe0c90000 - 0x00007fffe0cb1000 	C:\WINDOWS\System32\win32u.dll
0x00007fffe20e0000 - 0x00007fffe2106000 	C:\WINDOWS\System32\GDI32.dll
0x00007fffe0cc0000 - 0x00007fffe0e56000 	C:\WINDOWS\System32\gdi32full.dll
0x00007fffe0040000 - 0x00007fffe02c4000 	C:\WINDOWS\WinSxS\amd64_microsoft.windows.common-controls_6595b64144ccf1df_6.0.18362.1256_none_9e7e379be45e40e2\COMCTL32.dll
0x00007fffe0ef0000 - 0x00007fffe0f8e000 	C:\WINDOWS\System32\msvcp_win.dll
0x00007fffe2cc0000 - 0x00007fffe2ff6000 	C:\WINDOWS\System32\combase.dll
0x00007fffe0fe0000 - 0x00007fffe1061000 	C:\WINDOWS\System32\bcryptPrimitives.dll
0x00007fffd9f70000 - 0x00007fffd9f7a000 	C:\WINDOWS\SYSTEM32\VERSION.dll
0x00007fffe2250000 - 0x00007fffe227e000 	C:\WINDOWS\System32\IMM32.DLL
0x00007fffc61b0000 - 0x00007fffc624b000 	D:\java\bin\msvcp140.dll
0x00007fff847d0000 - 0x00007fff852ee000 	D:\java\bin\server\jvm.dll
0x00007fffe2c30000 - 0x00007fffe2c38000 	C:\WINDOWS\System32\PSAPI.DLL
0x00007fffdde10000 - 0x00007fffdde34000 	C:\WINDOWS\SYSTEM32\WINMM.dll
0x00007fffc9830000 - 0x00007fffc9839000 	C:\WINDOWS\SYSTEM32\WSOCK32.dll
0x00007fffe3920000 - 0x00007fffe398f000 	C:\WINDOWS\System32\WS2_32.dll
0x00007fffddde0000 - 0x00007fffdde0d000 	C:\WINDOWS\SYSTEM32\WINMMBASE.dll
0x00007fffe0f90000 - 0x00007fffe0fda000 	C:\WINDOWS\System32\cfgmgr32.dll
0x00007fffe0bd0000 - 0x00007fffe0be1000 	C:\WINDOWS\System32\kernel.appcore.dll
0x00007fffcf6e0000 - 0x00007fffcf6ea000 	D:\java\bin\jimage.dll
0x00007fffe04e0000 - 0x00007fffe06d4000 	C:\WINDOWS\SYSTEM32\DBGHELP.DLL
0x00007fffe0430000 - 0x00007fffe045a000 	C:\WINDOWS\SYSTEM32\dbgcore.DLL
0x00007fffce630000 - 0x00007fffce655000 	D:\java\bin\java.dll
0x00007fffce610000 - 0x00007fffce626000 	D:\java\bin\zip.dll
0x00007fffe2280000 - 0x00007fffe2967000 	C:\WINDOWS\System32\SHELL32.dll
0x00007fffe1dd0000 - 0x00007fffe1e79000 	C:\WINDOWS\System32\shcore.dll
0x00007fffe1070000 - 0x00007fffe17f1000 	C:\WINDOWS\System32\windows.storage.dll
0x00007fffe0c40000 - 0x00007fffe0c63000 	C:\WINDOWS\System32\profapi.dll
0x00007fffe0bf0000 - 0x00007fffe0c3a000 	C:\WINDOWS\System32\powrprof.dll
0x00007fffe0bc0000 - 0x00007fffe0bd0000 	C:\WINDOWS\System32\UMPDC.dll
0x00007fffe3670000 - 0x00007fffe36c2000 	C:\WINDOWS\System32\shlwapi.dll
0x00007fffe1a50000 - 0x00007fffe1a67000 	C:\WINDOWS\System32\cryptsp.dll
0x00007fffce5f0000 - 0x00007fffce609000 	D:\java\bin\net.dll
0x00007fffd1480000 - 0x00007fffd1570000 	C:\WINDOWS\SYSTEM32\WINHTTP.dll
0x00007fffdfec0000 - 0x00007fffdff27000 	C:\WINDOWS\system32\mswsock.dll
0x00007fffce5d0000 - 0x00007fffce5e2000 	D:\java\bin\nio.dll
0x00007fffb9850000 - 0x00007fffb99e9000 	D:\java\bin\awt.dll
0x00007fffe2b60000 - 0x00007fffe2c25000 	C:\WINDOWS\System32\OLEAUT32.dll
0x00007fffddf10000 - 0x00007fffddf9f000 	C:\WINDOWS\SYSTEM32\apphelp.dll
0x00007fffde050000 - 0x00007fffde0e9000 	C:\WINDOWS\system32\uxtheme.dll
0x00007fffe2110000 - 0x00007fffe2245000 	C:\WINDOWS\System32\MSCTF.dll
0x00007fff9c7d0000 - 0x00007fff9c81b000 	D:\Listary\ListaryHook64.dll
0x00007fffe3b80000 - 0x00007fffe3cd7000 	C:\WINDOWS\System32\ole32.dll
0x00007fffcf6f0000 - 0x00007fffcf755000 	C:\WINDOWS\SYSTEM32\OLEACC.dll
0x00007fffdeba0000 - 0x00007fffdebcd000 	C:\WINDOWS\system32\DWMAPI.DLL
0x00007fffc9d80000 - 0x00007fffc9ed6000 	C:\WINDOWS\system32\opengl32.dll
0x00007fffc90a0000 - 0x00007fffc90cc000 	C:\WINDOWS\SYSTEM32\GLU32.dll
0x00007fffdf190000 - 0x00007fffdf1b0000 	C:\WINDOWS\SYSTEM32\dxcore.dll
0x00007fffcedc0000 - 0x00007fffcee42000 	D:\java\bin\freetype.dll
0x00007fffced10000 - 0x00007fffcedb6000 	D:\java\bin\fontmanager.dll
0x00007fffe3990000 - 0x00007fffe3a32000 	C:\WINDOWS\System32\clbcatq.dll
0x00007fffd9dc0000 - 0x00007fffd9f6f000 	C:\WINDOWS\SYSTEM32\WindowsCodecs.dll
0x00007fffc7840000 - 0x00007fffc787a000 	C:\WINDOWS\system32\dataexchange.dll
0x00007fffdd530000 - 0x00007fffdd70d000 	C:\WINDOWS\system32\dcomp.dll
0x00007fffdd030000 - 0x00007fffdd28b000 	C:\WINDOWS\system32\d3d11.dll
0x00007fffdf220000 - 0x00007fffdf30b000 	C:\WINDOWS\system32\dxgi.dll
0x00007fffde810000 - 0x00007fffdea72000 	C:\WINDOWS\system32\twinapi.appcore.dll
0x00007fffdeb70000 - 0x00007fffdeb99000 	C:\WINDOWS\system32\RMCLIENT.dll
0x00007fffd2030000 - 0x00007fffd20ce000 	C:\WINDOWS\System32\TextInputFramework.dll
0x00007fffda1a0000 - 0x00007fffda4ca000 	C:\WINDOWS\System32\CoreUIComponents.dll
0x00007fffdd860000 - 0x00007fffdd934000 	C:\WINDOWS\System32\CoreMessaging.dll
0x00007fffe07c0000 - 0x00007fffe07f1000 	C:\WINDOWS\SYSTEM32\ntmarta.dll
0x00007fffdb6a0000 - 0x00007fffdb7f3000 	C:\WINDOWS\SYSTEM32\wintypes.dll
0x00007fffd00d0000 - 0x00007fffd0377000 	C:\WINDOWS\System32\iertutil.dll
0x00007fffd96a0000 - 0x00007fffd9899000 	C:\WINDOWS\system32\sogoutsf.ime
0x00007fffdb890000 - 0x00007fffdb897000 	C:\WINDOWS\system32\MSIMG32.dll
0x00007fffa0a60000 - 0x00007fffa13d8000 	C:\WINDOWS\system32\SogouPy.ime
0x000001b97c8d0000 - 0x000001b97c9bb000 	C:\Program Files (x86)\SogouInput\8.3.0.9576\Resource.dll
0x00007fff9ee80000 - 0x00007fff9f0ce000 	C:\Program Files (x86)\SogouInput\Components\PicFace\1.0.0.1672\PicFace64.dll
0x00007fffe2970000 - 0x00007fffe2a40000 	C:\WINDOWS\System32\COMDLG32.dll
0x00007fffceef0000 - 0x00007fffcef15000 	D:\java\bin\sunec.dll
0x00007fffdf900000 - 0x00007fffdf933000 	C:\WINDOWS\system32\rsaenh.dll
0x00007fffe0e60000 - 0x00007fffe0e86000 	C:\WINDOWS\System32\bcrypt.dll
0x00007fffe0ae0000 - 0x00007fffe0b05000 	C:\WINDOWS\SYSTEM32\USERENV.dll
0x00007fffdfe60000 - 0x00007fffdfe6c000 	C:\WINDOWS\SYSTEM32\CRYPTBASE.dll
0x00007fffdfa90000 - 0x00007fffdfaca000 	C:\WINDOWS\SYSTEM32\IPHLPAPI.DLL
0x00007fffe3540000 - 0x00007fffe3548000 	C:\WINDOWS\System32\NSI.dll
0x00007fffd83d0000 - 0x00007fffd83e6000 	C:\WINDOWS\SYSTEM32\dhcpcsvc6.DLL
0x00007fffd7ea0000 - 0x00007fffd7ebc000 	C:\WINDOWS\SYSTEM32\dhcpcsvc.DLL
0x00007fffdfad0000 - 0x00007fffdfb9b000 	C:\WINDOWS\SYSTEM32\DNSAPI.dll
0x00007fffcf000000 - 0x00007fffcf00e000 	D:\java\bin\sunmscapi.dll
0x00007fffe1900000 - 0x00007fffe1a49000 	C:\WINDOWS\System32\CRYPT32.dll
0x00007fffe0c70000 - 0x00007fffe0c82000 	C:\WINDOWS\System32\MSASN1.dll
0x00007fffe0310000 - 0x00007fffe0336000 	C:\WINDOWS\SYSTEM32\ncrypt.dll
0x00007fffe02d0000 - 0x00007fffe030b000 	C:\WINDOWS\SYSTEM32\NTASN1.dll

dbghelp: loaded successfully - version: 4.0.5 - missing functions: none
symbol engine: initialized successfully - sym options: 0x614 - pdb path: .;D:\java\bin;C:\WINDOWS\SYSTEM32;C:\WINDOWS\WinSxS\amd64_microsoft.windows.common-controls_6595b64144ccf1df_6.0.18362.1256_none_9e7e379be45e40e2;D:\java\bin\server;D:\Listary;C:\Program Files (x86)\SogouInput\8.3.0.9576;C:\Program Files (x86)\SogouInput\Components\PicFace\1.0.0.1672

VM Arguments:
jvm_args: -Dfile.encoding=GBK --module-path=E:\qq下载文件\1752116947\FileRecv文件\JAVA\mysql-connector-java-8.0.20.jar 
java_command: Login
java_class_path (initial): D:\Eclipse\TutorSet\bin
Launcher Type: SUN_STANDARD

[Global flags]
     intx CICompilerCount                          = 3                                         {product} {ergonomic}
     uint ConcGCThreads                            = 1                                         {product} {ergonomic}
     uint G1ConcRefinementThreads                  = 4                                         {product} {ergonomic}
   size_t G1HeapRegionSize                         = 1048576                                   {product} {ergonomic}
    uintx GCDrainStackTargetSize                   = 64                                        {product} {ergonomic}
   size_t InitialHeapSize                          = 132120576                                 {product} {ergonomic}
   size_t MarkStackSize                            = 4194304                                   {product} {ergonomic}
   size_t MaxHeapSize                              = 2113929216                                {product} {ergonomic}
   size_t MaxNewSize                               = 1267728384                                {product} {ergonomic}
   size_t MinHeapDeltaBytes                        = 1048576                                   {product} {ergonomic}
   size_t MinHeapSize                              = 8388608                                   {product} {ergonomic}
    uintx NonNMethodCodeHeapSize                   = 5832780                                {pd product} {ergonomic}
    uintx NonProfiledCodeHeapSize                  = 122912730                              {pd product} {ergonomic}
    uintx ProfiledCodeHeapSize                     = 122912730                              {pd product} {ergonomic}
    uintx ReservedCodeCacheSize                    = 251658240                              {pd product} {ergonomic}
     bool SegmentedCodeCache                       = true                                      {product} {ergonomic}
   size_t SoftMaxHeapSize                          = 2113929216                             {manageable} {ergonomic}
     bool UseCompressedClassPointers               = true                                 {lp64_product} {ergonomic}
     bool UseCompressedOops                        = true                                 {lp64_product} {ergonomic}
     bool UseG1GC                                  = true                                      {product} {ergonomic}
     bool UseLargePagesIndividualAllocation        = false                                  {pd product} {ergonomic}

Logging:
Log output configuration:
 #0: stdout all=warning uptime,level,tags
 #1: stderr all=off uptime,level,tags

Environment Variables:
JAVA_HOME=D:\java
CLASSPATH=.;C:\Program Files (x86)\QuickTime\QTSystem\QTJava.zip;"D:\java\lib;D:\java\lib\dt.jar;D:\java\tools.jar";
PATH=D:/java/bin/server;D:/java/bin;D:\java\bin;C:\Program Files\Python37\;C:\Windows\system32;C:\Windows;C:\Windows\System32\Wbem;C:\Windows\System32\WindowsPowerShell\v1.0\;C:\Program Files (x86)\NVIDIA Corporation\PhysX\Common;C:\WINDOWS\system32;C:\WINDOWS;C:\WINDOWS\System32\Wbem;C:\WINDOWS\System32\WindowsPowerShell\v1.0\;C:\WINDOWS\System32\OpenSSH\;C:\Program Files (x86)\QuickTime\QTSystem\;C:\Program Files\Intel\WiFi\bin\;C:\Program Files\Common Files\Intel\WirelessCommon\;C:\Program Files (x86)\Intel\Intel(R) Management Engine Components\DAL;C:\Program Files\Intel\Intel(R) Management Engine Components\DAL;E:\Program Files (x86)\Microsoft SQL Server\100\Tools\Binn\;E:\Program Files\Microsoft SQL Server\100\Tools\Binn\;E:\Program Files\Microsoft SQL Server\100\DTS\Binn\;E:\Program Files (x86)\Microsoft SQL Server\100\Tools\Binn\VSShell\Common7\IDE\;E:\Program Files (x86)\Microsoft SQL Server\100\DTS\Binn\;C:\Program Files (x86)\Microsoft Visual Studio 9.0\Common7\IDE\PrivateAssemblies\;C:\xampp\php;D:\Program Files\nodejs\node_global;C:\Program Files\nodejs\node_modules;D:\Program Files\nodejs\node_global\node_modules;E:\phpstudy_pro\Extensions\php\php7.3.4nts;C:\ProgramData\ComposerSetup\bin;D:\java\bin;C:\Program Files\dotnet\;C:\Program Files\Microsoft SQL Server\130\Tools\Binn\;C:\Program Files\Microsoft SQL Server\Client SDK\ODBC\170\Tools\Binn\;C:\Users\dell\AppData\Local\Microsoft\WindowsApps;;C:\Users\dell\AppData\Local\Programs\Microsoft VS Code\bin;D:\Microsoft VS Code\bin;D:\教学用下载文件\PyCharm 2019.2.1\bin;;E:\PhpStorm 2019.2.1\bin;;C:\Users\dell\AppData\Roaming\Composer\vendor\bin;C:\Users\dell\AppData\Roaming\npm;C:\Users\dell\.dotnet\tools;D:\eclipse202006;
USERNAME=dell
OS=Windows_NT
PROCESSOR_IDENTIFIER=Intel64 Family 6 Model 158 Stepping 9, GenuineIntel



---------------  S Y S T E M  ---------------

OS: Windows 10 , 64 bit Build 18362 (10.0.18362.1110)
OS uptime: 1 days 15:26 hours

CPU:total 4 (initial active 4) (4 cores per cpu, 1 threads per core) family 6 model 158 stepping 9, cmov, cx8, fxsr, mmx, sse, sse2, sse3, ssse3, sse4.1, sse4.2, popcnt, avx, avx2, aes, clmul, erms, 3dnowpref, lzcnt, tsc, tscinvbit, bmi1, bmi2, adx, fma

Memory: 4k page, system-wide physical 8057M (411M free)
TotalPageFile size 32633M (AvailPageFile size 116M)
current process WorkingSet (physical memory assigned to process): 57M, peak: 116M
current process commit charge ("private bytes"): 239M, peak: 248M

vm_info: Java HotSpot(TM) 64-Bit Server VM (14.0.2+12-46) for windows-amd64 JRE (14.0.2+12-46), built on Jul  9 2020 00:35:52 by "mach5one" with MS VC++ 15.9 (VS2017)

END.
